Script started on Thu May 14 12:30:23 2026
Command: ../../scripts/nuXmv -int -time main_timed.xmv
*** This is nuXmv 2.1.0 (compiled on Thu Nov 28 18:33:21 2024)
*** Copyright (c) 2014-2024, Fondazione Bruno Kessler
*** For more information on nuXmv see https://nuxmv.fbk.eu
*** or email to <nuxmv@fbk.eu>.
*** Please report bugs at Please report bugs to <nusmv-users@fbk.eu>
*** (click on "Login Anonymously" to access)
*** Alternatively write to <nuxmv@fbk.eu>.

*** This version of nuXmv is linked to NuSMV 2.7.0.
*** For more information on NuSMV see <http://nusmv.fbk.eu>
*** or email to <nusmv-users@fbk.eu>.
*** Copyright (C) 2010-2024, Fondazione Bruno Kessler

*** This version of nuXmv is linked to the CUDD library version 2.4.1
*** Copyright (c) 1995-2004, Regents of the University of Colorado

*** This version of nuXmv is linked to the MiniSat SAT solver. 
*** See http://minisat.se/MiniSat.html
*** Copyright (c) 2003-2006, Niklas Een, Niklas Sorensson
*** Copyright (c) 2007-2010, Niklas Sorensson

*** This version of nuXmv is linked to MathSAT
*** Copyright (C) 2009-2019 by Fondazione Bruno Kessler
*** Copyright (C) 2009-2019 by University of Trento and others
*** See http://mathsat.fbk.eu

nuXmv > go_time
nuXmv > timed_[9G[Ktime
elapse: 0.01 seconds, total: 0.01 seconds
nuXmv > timed_check_ltlspec -n 0
-- no proof or counterexample found with bound 0
-- no proof or counterexample found with bound 1
-- no proof or counterexample found with bound 2
-- no proof or counterexample found with bound 3
-- no proof or counterexample found with bound 4
-- no proof or counterexample found with bound 5
-- no proof or counterexample found with bound 6
-- no proof or counterexample found with bound 7
-- no proof or counterexample found with bound 8
-- no proof or counterexample found with bound 9
-- no proof or counterexample found with bound 10
-- no proof or counterexample found with bound 11
-- no proof or counterexample found with bound 12
-- no proof or counterexample found with bound 13
-- no proof or counterexample found with bound 14
-- no proof or counterexample found with bound 15
-- no proof or counterexample found with bound 16
-- no proof or counterexample found with bound 17
-- no proof or counterexample found with bound 18
-- no proof or counterexample found with bound 19
-- no proof or counterexample found with bound 20
-- no proof or counterexample found with bound 21
-- no proof or counterexample found with bound 22
-- no proof or counterexample found with bound 23
-- no proof or counterexample found with bound 24
-- no proof or counterexample found with bound 25
-- no proof or counterexample found with bound 26
-- no proof or counterexample found with bound 27
-- no proof or counterexample found with bound 28
-- no proof or counterexample found with bound 29
-- no proof or counterexample found with bound 30
-- no proof or counterexample found with bound 31
-- no proof or counterexample found with bound 32
-- no proof or counterexample found with bound 33
-- no proof or counterexample found with bound 34
-- no proof or counterexample found with bound 35
-- no proof or counterexample found with bound 36
-- no proof or counterexample found with bound 37
-- no proof or counterexample found with bound 38
-- no proof or counterexample found with bound 39
-- no proof or counterexample found with bound 40
-- no proof or counterexample found with bound 41
-- no proof or counterexample found with bound 42
-- no proof or counterexample found with bound 43
-- no proof or counterexample found with bound 44
-- no proof or counterexample found with bound 45
-- no proof or counterexample found with bound 46
-- no proof or counterexample found with bound 47
-- no proof or counterexample found with bound 48
-- no proof or counterexample found with bound 49
-- no proof or counterexample found with bound 50
-- no proof or counterexample found with bound 51
-- no proof or counterexample found with bound 52
-- no proof or counterexample found with bound 53
-- no proof or counterexample found with bound 54
-- no proof or counterexample found with bound 55
-- no proof or counterexample found with bound 56
-- no proof or counterexample found with bound 57
-- no proof or counterexample found with bound 58
-- no proof or counterexample found with bound 59
-- no proof or counterexample found with bound 60
-- no proof or counterexample found with bound 61
-- no proof or counterexample found with bound 62
-- no proof or counterexample found with bound 63
-- no proof or counterexample found with bound 64
-- no proof or counterexample found with bound 65
-- no proof or counterexample found with bound 66
-- no proof or counterexample found with bound 67
-- no proof or counterexample found with bound 68
-- no proof or counterexample found with bound 69
-- no proof or counterexample found with bound 70
-- no proof or counterexample found with bound 71
-- no proof or counterexample found with bound 72
-- no proof or counterexample found with bound 73
-- no proof or counterexample found with bound 74
-- no proof or counterexample found with bound 75
-- no proof or counterexample found with bound 76
-- no proof or counterexample found with bound 77
-- no proof or counterexample found with bound 78
-- no proof or counterexample found with bound 79
-- no proof or counterexample found with bound 80
-- no proof or counterexample found with bound 81
-- no proof or counterexample found with bound 82
-- no proof or counterexample found with bound 83
-- no proof or counterexample found with bound 84
-- no proof or counterexample found with bound 85
-- no proof or counterexample found with bound 86
-- no proof or counterexample found with bound 87
-- no proof or counterexample found with bound 88
-- no proof or counterexample found with bound 89
-- no proof or counterexample found with bound 90
-- no proof or counterexample found with bound 91
-- no proof or counterexample found with bound 92
-- no proof or counterexample found with bound 93
-- no proof or counterexample found with bound 94
-- no proof or counterexample found with bound 95
-- no proof or counterexample found with bound 96
-- no proof or counterexample found with bound 97
-- no proof or counterexample found with bound 98
-- no proof or counterexample found with bound 99
-- no proof or counterexample found with bound 100
-- no proof or counterexample found with bound 101
-- no proof or counterexample found with bound 102
-- no proof or counterexample found with bound 103
-- no proof or counterexample found with bound 104
-- no proof or counterexample found with bound 105
-- no proof or counterexample found with bound 106
-- no proof or counterexample found with bound 107
-- no proof or counterexample found with bound 108
-- no proof or counterexample found with bound 109
-- no proof or counterexample found with bound 110
-- no proof or counterexample found with bound 111
-- no proof or counterexample found with bound 112
-- no proof or counterexample found with bound 113
-- no proof or counterexample found with bound 114
-- no proof or counterexample found with bound 115
-- no proof or counterexample found with bound 116
-- no proof or counterexample found with bound 117
-- no proof or counterexample found with bound 118
-- no proof or counterexample found with bound 119
-- no proof or counterexample found with bound 120
-- no proof or counterexample found with bound 121
-- no proof or counterexample found with bound 122
-- no proof or counterexample found with bound 123
-- no proof or counterexample found with bound 124
-- no proof or counterexample found with bound 125
-- no proof or counterexample found with bound 126
-- no proof or counterexample found with bound 127
-- no proof or counterexample found with bound 128
-- no proof or counterexample found with bound 129
-- no proof or counterexample found with bound 130
-- no proof or counterexample found with bound 131
-- no proof or counterexample found with bound 132
-- no proof or counterexample found with bound 133
-- no proof or counterexample found with bound 134
-- no proof or counterexample found with bound 135
-- no proof or counterexample found with bound 136
-- no proof or counterexample found with bound 137
-- no proof or counterexample found with bound 138
-- no proof or counterexample found with bound 139
-- no proof or counterexample found with bound 140
-- no proof or counterexample found with bound 141
-- no proof or counterexample found with bound 142
-- no proof or counterexample found with bound 143
-- no proof or counterexample found with bound 144
-- no proof or counterexample found with bound 145
-- no proof or counterexample found with bound 146
-- no proof or counterexample found with bound 147
-- no proof or counterexample found with bound 148
-- no proof or counterexample found with bound 149
-- no proof or counterexample found with bound 150
-- no proof or counterexample found with bound 151
-- no proof or counterexample found with bound 152
-- no proof or counterexample found with bound 153
-- no proof or counterexample found with bound 154
-- no proof or counterexample found with bound 155
-- no proof or counterexample found with bound 156
-- no proof or counterexample found with bound 157
-- no proof or counterexample found with bound 158
-- no proof or counterexample found with bound 159
-- no proof or counterexample found with bound 160
-- no proof or counterexample found with bound 161
-- no proof or counterexample found with bound 162
-- no proof or counterexample found with bound 163
-- no proof or counterexample found with bound 164
-- no proof or counterexample found with bound 165
-- no proof or counterexample found with bound 166
-- no proof or counterexample found with bound 167
-- no proof or counterexample found with bound 168
-- no proof or counterexample found with bound 169
-- no proof or counterexample found with bound 170
-- no proof or counterexample found with bound 171
-- no proof or counterexample found with bound 172
-- no proof or counterexample found with bound 173
-- no proof or counterexample found with bound 174
-- no proof or counterexample found with bound 175
-- no proof or counterexample found with bound 176
-- no proof or counterexample found with bound 177
-- no proof or counterexample found with bound 178
-- no proof or counterexample found with bound 179
-- no proof or counterexample found with bound 180
-- no proof or counterexample found with bound 181
-- no proof or counterexample found with bound 182
-- no proof or counterexample found with bound 183
-- no proof or counterexample found with bound 184
-- no proof or counterexample found with bound 185
-- no proof or counterexample found with bound 186
-- no proof or counterexample found with bound 187
-- no proof or counterexample found with bound 188
-- no proof or counterexample found with bound 189
-- no proof or counterexample found with bound 190
-- no proof or counterexample found with bound 191
-- no proof or counterexample found with bound 192
-- no proof or counterexample found with bound 193
-- no proof or counterexample found with bound 194
-- no proof or counterexample found with bound 195
-- no proof or counterexample found with bound 196
-- no proof or counterexample found with bound 197
-- no proof or counterexample found with bound 198
-- no proof or counterexample found with bound 199
-- no proof or counterexample found with bound 200
-- no proof or counterexample found with bound 201
-- no proof or counterexample found with bound 202
-- no proof or counterexample found with bound 203
-- no proof or counterexample found with bound 204
-- no proof or counterexample found with bound 205
-- no proof or counterexample found with bound 206
-- no proof or counterexample found with bound 207
-- no proof or counterexample found with bound 208
-- no proof or counterexample found with bound 209
-- no proof or counterexample found with bound 210
-- no proof or counterexample found with bound 211
-- no proof or counterexample found with bound 212
-- no proof or counterexample found with bound 213
-- no proof or counterexample found with bound 214
-- no proof or counterexample found with bound 215
-- no proof or counterexample found with bound 216
-- no proof or counterexample found with bound 217
-- no proof or counterexample found with bound 218
-- no proof or counterexample found with bound 219
-- no proof or counterexample found with bound 220
-- no proof or counterexample found with bound 221
-- no proof or counterexample found with bound 222
-- no proof or counterexample found with bound 223
-- no proof or counterexample found with bound 224
-- no proof or counterexample found with bound 225
-- no proof or counterexample found with bound 226
-- no proof or counterexample found with bound 227
-- no proof or counterexample found with bound 228
-- no proof or counterexample found with bound 229
-- no proof or counterexample found with bound 230
-- no proof or counterexample found with bound 231
-- no proof or counterexample found with bound 232
-- no proof or counterexample found with bound 233
-- no proof or counterexample found with bound 234
-- no proof or counterexample found with bound 235
-- no proof or counterexample found with bound 236
-- no proof or counterexample found with bound 237
-- no proof or counterexample found with bound 238
-- no proof or counterexample found with bound 239
-- no proof or counterexample found with bound 240
-- no proof or counterexample found with bound 241
-- no proof or counterexample found with bound 242
-- no proof or counterexample found with bound 243
-- no proof or counterexample found with bound 244
-- no proof or counterexample found with bound 245
-- no proof or counterexample found with bound 246
-- no proof or counterexample found with bound 247
-- no proof or counterexample found with bound 248
-- no proof or counterexample found with bound 249
-- no proof or counterexample found with bound 250
-- no proof or counterexample found with bound 251
-- no proof or counterexample found with bound 252
-- no proof or counterexample found with bound 253
-- no proof or counterexample found with bound 254
-- no proof or counterexample found with bound 255
-- no proof or counterexample found with bound 256
-- no proof or counterexample found with bound 257
-- no proof or counterexample found with bound 258
-- no proof or counterexample found with bound 259
-- no proof or counterexample found with bound 260
-- no proof or counterexample found with bound 261
-- no proof or counterexample found with bound 262
-- no proof or counterexample found with bound 263
-- no proof or counterexample found with bound 264
-- no proof or counterexample found with bound 265
-- no proof or counterexample found with bound 266
-- no proof or counterexample found with bound 267
-- no proof or counterexample found with bound 268
-- no proof or counterexample found with bound 269
-- no proof or counterexample found with bound 270
-- no proof or counterexample found with bound 271
-- no proof or counterexample found with bound 272
-- no proof or counterexample found with bound 273
-- no proof or counterexample found with bound 274
-- no proof or counterexample found with bound 275
-- no proof or counterexample found with bound 276
-- no proof or counterexample found with bound 277
-- no proof or counterexample found with bound 278
-- no proof or counterexample found with bound 279
-- no proof or counterexample found with bound 280
-- no proof or counterexample found with bound 281
-- no proof or counterexample found with bound 282
-- no proof or counterexample found with bound 283
-- no proof or counterexample found with bound 284
-- no proof or counterexample found with bound 285
-- no proof or counterexample found with bound 286
-- no proof or counterexample found with bound 287
-- no proof or counterexample found with bound 288
-- no proof or counterexample found with bound 289
-- no proof or counterexample found with bound 290
-- no proof or counterexample found with bound 291
-- no proof or counterexample found with bound 292
-- no proof or counterexample found with bound 293
-- no proof or counterexample found with bound 294
-- no proof or counterexample found with bound 295
-- no proof or counterexample found with bound 296
-- no proof or counterexample found with bound 297
-- no proof or counterexample found with bound 298
-- no proof or counterexample found with bound 299
-- no proof or counterexample found with bound 300
-- no proof or counterexample found with bound 301
-- no proof or counterexample found with bound 302
-- no proof or counterexample found with bound 303
-- no proof or counterexample found with bound 304
-- no proof or counterexample found with bound 305
-- no proof or counterexample found with bound 306
-- no proof or counterexample found with bound 307
-- no proof or counterexample found with bound 308
-- no proof or counterexample found with bound 309
-- no proof or counterexample found with bound 310
-- no proof or counterexample found with bound 311
-- no proof or counterexample found with bound 312
-- no proof or counterexample found with bound 313
-- no proof or counterexample found with bound 314
-- no proof or counterexample found with bound 315
-- no proof or counterexample found with bound 316
-- no proof or counterexample found with bound 317
-- no proof or counterexample found with bound 318
-- no proof or counterexample found with bound 319
-- no proof or counterexample found with bound 320
-- no proof or counterexample found with bound 321
-- no proof or counterexample found with bound 322
-- no proof or counterexample found with bound 323
-- no proof or counterexample found with bound 324
-- no proof or counterexample found with bound 325
-- no proof or counterexample found with bound 326
-- no proof or counterexample found with bound 327
-- no proof or counterexample found with bound 328
-- no proof or counterexample found with bound 329
-- no proof or counterexample found with bound 330
-- no proof or counterexample found with bound 331
-- no proof or counterexample found with bound 332
-- no proof or counterexample found with bound 333
-- no proof or counterexample found with bound 334
-- no proof or counterexample found with bound 335
-- no proof or counterexample found with bound 336
-- no proof or counterexample found with bound 337
-- no proof or counterexample found with bound 338
-- no proof or counterexample found with bound 339
-- no proof or counterexample found with bound 340
-- no proof or counterexample found with bound 341
-- no proof or counterexample found with bound 342
-- no proof or counterexample found with bound 343
-- no proof or counterexample found with bound 344
-- no proof or counterexample found with bound 345
-- no proof or counterexample found with bound 346
-- no proof or counterexample found with bound 347
-- no proof or counterexample found with bound 348
-- no proof or counterexample found with bound 349
-- no proof or counterexample found with bound 350
-- no proof or counterexample found with bound 351
-- no proof or counterexample found with bound 352
-- no proof or counterexample found with bound 353
-- no proof or counterexample found with bound 354
-- no proof or counterexample found with bound 355
-- no proof or counterexample found with bound 356
-- no proof or counterexample found with bound 357
-- no proof or counterexample found with bound 358
-- no proof or counterexample found with bound 359
-- no proof or counterexample found with bound 360
-- no proof or counterexample found with bound 361
-- no proof or counterexample found with bound 362
-- no proof or counterexample found with bound 363
-- no proof or counterexample found with bound 364
-- no proof or counterexample found with bound 365
-- no proof or counterexample found with bound 366
-- no proof or counterexample found with bound 367
-- no proof or counterexample found with bound 368
-- no proof or counterexample found with bound 369
-- no proof or counterexample found with bound 370
-- no proof or counterexample found with bound 371
-- no proof or counterexample found with bound 372
-- no proof or counterexample found with bound 373
-- no proof or counterexample found with bound 374
-- no proof or counterexample found with bound 375
-- no proof or counterexample found with bound 376
-- no proof or counterexample found with bound 377
-- no proof or counterexample found with bound 378
-- no proof or counterexample found with bound 379
-- no proof or counterexample found with bound 380
-- no proof or counterexample found with bound 381
-- no proof or counterexample found with bound 382
-- no proof or counterexample found with bound 383
-- no proof or counterexample found with bound 384
-- no proof or counterexample found with bound 385
-- no proof or counterexample found with bound 386
-- no proof or counterexample found with bound 387
-- no proof or counterexample found with bound 388
-- no proof or counterexample found with bound 389
-- no proof or counterexample found with bound 390
-- no proof or counterexample found with bound 391
-- no proof or counterexample found with bound 392
-- no proof or counterexample found with bound 393
-- no proof or counterexample found with bound 394
-- no proof or counterexample found with bound 395
-- no proof or counterexample found with bound 396
-- no proof or counterexample found with bound 397
-- no proof or counterexample found with bound 398
-- no proof or counterexample found with bound 399
-- no proof or counterexample found with bound 400
-- no proof or counterexample found with bound 401
-- no proof or counterexample found with bound 402
-- no proof or counterexample found with bound 403
-- no proof or counterexample found with bound 404
-- no proof or counterexample found with bound 405
-- no proof or counterexample found with bound 406
-- no proof or counterexample found with bound 407
-- no proof or counterexample found with bound 408
-- no proof or counterexample found with bound 409
-- no proof or counterexample found with bound 410
-- no proof or counterexample found with bound 411
-- no proof or counterexample found with bound 412
-- no proof or counterexample found with bound 413
-- no proof or counterexample found with bound 414
-- no proof or counterexample found with bound 415
-- no proof or counterexample found with bound 416
-- no proof or counterexample found with bound 417
-- no proof or counterexample found with bound 418
-- no proof or counterexample found with bound 419
-- no proof or counterexample found with bound 420
-- no proof or counterexample found with bound 421
-- no proof or counterexample found with bound 422
-- no proof or counterexample found with bound 423
-- no proof or counterexample found with bound 424
-- no proof or counterexample found with bound 425
-- no proof or counterexample found with bound 426
-- no proof or counterexample found with bound 427
-- no proof or counterexample found with bound 428
-- no proof or counterexample found with bound 429
-- no proof or counterexample found with bound 430
-- no proof or counterexample found with bound 431
-- no proof or counterexample found with bound 432
-- no proof or counterexample found with bound 433
-- no proof or counterexample found with bound 434
-- no proof or counterexample found with bound 435
-- no proof or counterexample found with bound 436
-- no proof or counterexample found with bound 437
-- no proof or counterexample found with bound 438
-- no proof or counterexample found with bound 439
-- no proof or counterexample found with bound 440
-- no proof or counterexample found with bound 441
-- no proof or counterexample found with bound 442
-- no proof or counterexample found with bound 443
-- no proof or counterexample found with bound 444
-- no proof or counterexample found with bound 445
-- no proof or counterexample found with bound 446
-- no proof or counterexample found with bound 447
-- no proof or counterexample found with bound 448
-- no proof or counterexample found with bound 449
-- no proof or counterexample found with bound 450
-- no proof or counterexample found with bound 451
-- no proof or counterexample found with bound 452
-- no proof or counterexample found with bound 453
-- no proof or counterexample found with bound 454
-- no proof or counterexample found with bound 455
-- no proof or counterexample found with bound 456
-- no proof or counterexample found with bound 457
-- no proof or counterexample found with bound 458
-- no proof or counterexample found with bound 459
-- no proof or counterexample found with bound 460
-- no proof or counterexample found with bound 461
-- no proof or counterexample found with bound 462
-- no proof or counterexample found with bound 463
-- no proof or counterexample found with bound 464
-- no proof or counterexample found with bound 465
-- no proof or counterexample found with bound 466
-- no proof or counterexample found with bound 467
-- no proof or counterexample found with bound 468
-- no proof or counterexample found with bound 469
-- no proof or counterexample found with bound 470
-- no proof or counterexample found with bound 471
-- no proof or counterexample found with bound 472
-- no proof or counterexample found with bound 473
-- no proof or counterexample found with bound 474
-- no proof or counterexample found with bound 475
-- no proof or counterexample found with bound 476
-- no proof or counterexample found with bound 477
-- no proof or counterexample found with bound 478
-- no proof or counterexample found with bound 479
-- no proof or counterexample found with bound 480
-- no proof or counterexample found with bound 481
-- no proof or counterexample found with bound 482
-- no proof or counterexample found with bound 483
-- no proof or counterexample found with bound 484
-- no proof or counterexample found with bound 485
-- no proof or counterexample found with bound 486
-- no proof or counterexample found with bound 487
-- no proof or counterexample found with bound 488
-- no proof or counterexample found with bound 489
-- no proof or counterexample found with bound 490
-- no proof or counterexample found with bound 491
-- no proof or counterexample found with bound 492
-- no proof or counterexample found with bound 493
-- no proof or counterexample found with bound 494
-- no proof or counterexample found with bound 495
-- no proof or counterexample found with bound 496
-- no proof or counterexample found with bound 497
-- no proof or counterexample found with bound 498
-- no proof or counterexample found with bound 499
-- no proof or counterexample found with bound 500
-- no proof or counterexample found with bound 501
-- no proof or counterexample found with bound 502
-- no proof or counterexample found with bound 503
-- no proof or counterexample found with bound 504
-- no proof or counterexample found with bound 505
-- no proof or counterexample found with bound 506
-- no proof or counterexample found with bound 507
-- no proof or counterexample found with bound 508
-- no proof or counterexample found with bound 509
-- no proof or counterexample found with bound 510
-- no proof or counterexample found with bound 511
-- no proof or counterexample found with bound 512
-- no proof or counterexample found with bound 513
-- no proof or counterexample found with bound 514
-- no proof or counterexample found with bound 515
-- no proof or counterexample found with bound 516
-- no proof or counterexample found with bound 517
-- no proof or counterexample found with bound 518
-- no proof or counterexample found with bound 519
-- no proof or counterexample found with bound 520
-- no proof or counterexample found with bound 521
-- no proof or counterexample found with bound 522
-- no proof or counterexample found with bound 523
-- no proof or counterexample found with bound 524
-- no proof or counterexample found with bound 525
-- no proof or counterexample found with bound 526
-- no proof or counterexample found with bound 527
-- no proof or counterexample found with bound 528
-- no proof or counterexample found with bound 529
-- no proof or counterexample found with bound 530
-- no proof or counterexample found with bound 531
-- no proof or counterexample found with bound 532
-- no proof or counterexample found with bound 533
-- LTL specification  G !( G "in_kelvin" > 273) IN globals is false
-- as demonstrated by the following execution sequence
Trace Description: IC3 smt counterexample 
Trace Type: Counterexample 
  -> State: 1.1 <-
    globals.schedule_clock = 0.0
    globals."in_kelvin" = 0
    globals."out_celsius" = 3
    globals."scheduler_state" = 0
    entry."!{$(in_main#0)<main.return>}" = 4
    entry."!pc[0]" = FALSE
    entry."!pc[1]" = FALSE
    entry."!pc[2]" = FALSE
  -> Input: 1.2 <-
    entry."!{$(in_main#0)<$(in_havoc_input#0)<h#<in_kelvin>>>}" = 7
    entry."!{$(in_main#0)<$(in_task1#1)<$temp.1>>}" = 11
    entry."!{$(in_main#0)<$(in_task1#1)<$tmp>>}" = 10
    entry."%{$(in_main#0)<main.return>}#1" = 0
    entry."%{$(in_main#0)<$(in_task1#1)<$temp.1>>}#3" = 9
    entry."%{$(in_main#0)<$(in_task1#1)<$tmp>>}#3" = 8
    entry."%{out_celsius}#2" = 6
    entry."%{scheduler_state}#2" = 5
  -- [ discrete transition ] --
  -> State: 1.2 <-
    globals."out_celsius" = 0
    entry."!{$(in_main#0)<main.return>}" = 0
    entry."!pc[0]" = TRUE
  -> Input: 1.3 <-
    entry."!{$(in_main#0)<$(in_havoc_input#0)<h#<in_kelvin>>>}" = 274
    entry."!{$(in_main#0)<$(in_task1#1)<$temp.1>>}" = 14
    entry."!{$(in_main#0)<$(in_task1#1)<$tmp>>}" = 13
    entry."%{$(in_main#0)<main.return>}#1" = 15
    entry."%{$(in_main#0)<$(in_task1#1)<$temp.1>>}#3" = 1
    entry."%{$(in_main#0)<$(in_task1#1)<$tmp>>}#3" = 1
    entry."%{out_celsius}#2" = 1
    entry."%{scheduler_state}#2" = 12
  -- [ discrete transition ] --
  -> State: 1.3 <-
    globals."in_kelvin" = 274
    globals."out_celsius" = 1
    entry."!pc[0]" = FALSE
    entry."!pc[1]" = TRUE
  -> Input: 1.4 <-
    entry."!{$(in_main#0)<$(in_havoc_input#0)<h#<in_kelvin>>>}" = 0
    entry."!{$(in_main#0)<$(in_task1#1)<$temp.1>>}" = 0
    entry."!{$(in_main#0)<$(in_task1#1)<$tmp>>}" = 0
    entry."%{$(in_main#0)<main.return>}#1" = 0
    entry."%{$(in_main#0)<$(in_task1#1)<$temp.1>>}#3" = 0
    entry."%{$(in_main#0)<$(in_task1#1)<$tmp>>}#3" = 0
    entry."%{out_celsius}#2" = 0
    entry."%{scheduler_state}#2" = 1
  -- [ discrete transition ] --
  -> State: 1.4 <-
    globals."scheduler_state" = 1
    entry."!pc[1]" = FALSE
    entry."!pc[2]" = TRUE
  -- Loop starts here
  -- [ time elapse: time = diverging; delta = f'3/2 ] --
  -> State: 1.5 <-
    globals.schedule_clock = f'3/2
  -- [ time elapse: time = diverging; delta = f'1/2 ] --
  -> State: 1.6 <-
    globals.schedule_clock = 2.0
  -> Input: 1.7 <-
    entry."!{$(in_main#0)<$(in_havoc_input#0)<h#<in_kelvin>>>}" = 274
    entry."%{out_celsius}#2" = 1
  -- [ discrete transition ] --
  -> State: 1.7 <-
    globals.schedule_clock = 0.0
    entry."!pc[0]" = TRUE
    entry."!pc[2]" = FALSE
  -> Input: 1.8 <-
    entry."!{$(in_main#0)<$(in_task1#1)<$temp.1>>}" = 274
    entry."!{$(in_main#0)<$(in_task1#1)<$tmp>>}" = 274
    entry."%{$(in_main#0)<$(in_task1#1)<$temp.1>>}#3" = 274
    entry."%{$(in_main#0)<$(in_task1#1)<$tmp>>}#3" = 274
    entry."%{scheduler_state}#2" = 0
  -- [ discrete transition ] --
  -> State: 1.8 <-
    entry."!pc[0]" = FALSE
    entry."!pc[1]" = TRUE
  -> Input: 1.9 <-
    entry."!{$(in_main#0)<$(in_havoc_input#0)<h#<in_kelvin>>>}" = 0
    entry."!{$(in_main#0)<$(in_task1#1)<$temp.1>>}" = 0
    entry."!{$(in_main#0)<$(in_task1#1)<$tmp>>}" = 0
    entry."%{$(in_main#0)<$(in_task1#1)<$temp.1>>}#3" = 0
    entry."%{$(in_main#0)<$(in_task1#1)<$tmp>>}#3" = 0
  -- [ discrete transition ] --
  -> State: 1.9 <-
    globals."scheduler_state" = 0
    entry."!pc[1]" = FALSE
    entry."!pc[2]" = TRUE
  -> Input: 1.10 <-
    entry."!{$(in_main#0)<$(in_havoc_input#0)<h#<in_kelvin>>>}" = 274
    entry."!{$(in_main#0)<$(in_task1#1)<$temp.1>>}" = 1
    entry."!{$(in_main#0)<$(in_task1#1)<$tmp>>}" = 1
    entry."%{$(in_main#0)<$(in_task1#1)<$temp.1>>}#3" = 1
    entry."%{$(in_main#0)<$(in_task1#1)<$tmp>>}#3" = 1
  -- [ discrete transition ] --
  -> State: 1.10 <-
    entry."!pc[0]" = TRUE
    entry."!pc[2]" = FALSE
  -> Input: 1.11 <-
    entry."!{$(in_main#0)<$(in_task1#1)<$temp.1>>}" = 0
    entry."!{$(in_main#0)<$(in_task1#1)<$tmp>>}" = 0
  -- [ discrete transition ] --
  -> State: 1.11 <-
    entry."!pc[0]" = FALSE
    entry."!pc[1]" = TRUE
  -> Input: 1.12 <-
    entry."!{$(in_main#0)<$(in_havoc_input#0)<h#<in_kelvin>>>}" = 0
    entry."%{$(in_main#0)<$(in_task1#1)<$temp.1>>}#3" = 0
    entry."%{$(in_main#0)<$(in_task1#1)<$tmp>>}#3" = 0
    entry."%{out_celsius}#2" = 0
    entry."%{scheduler_state}#2" = 1
  -- [ discrete transition ] --
  -> State: 1.12 <-
    globals."scheduler_state" = 1
    entry."!pc[1]" = FALSE
    entry."!pc[2]" = TRUE
  -- [ time elapse: time = diverging; delta = f'3/2 ] --
  -> State: 1.13 <-
    globals.schedule_clock = f'3/2
nuXmv > time
elapse: 2027.25 seconds, total: 2027.26 seconds
nuXmv > timed_check_ltlspec -n 0[K1
-- no proof or counterexample found with bound 0
-- no proof or counterexample found with bound 1
-- no proof or counterexample found with bound 2
-- no proof or counterexample found with bound 3
-- no proof or counterexample found with bound 4
-- no proof or counterexample found with bound 5
-- no proof or counterexample found with bound 6
-- no proof or counterexample found with bound 7
-- no proof or counterexample found with bound 8
-- no proof or counterexample found with bound 9
-- no proof or counterexample found with bound 10
-- no proof or counterexample found with bound 11
-- no proof or counterexample found with bound 12
-- no proof or counterexample found with bound 13
-- no proof or counterexample found with bound 14
-- no proof or counterexample found with bound 15
-- no proof or counterexample found with bound 16
-- no proof or counterexample found with bound 17
-- no proof or counterexample found with bound 18
-- no proof or counterexample found with bound 19
-- no proof or counterexample found with bound 20
-- no proof or counterexample found with bound 21
-- no proof or counterexample found with bound 22
-- no proof or counterexample found with bound 23
-- no proof or counterexample found with bound 24
-- no proof or counterexample found with bound 25
-- no proof or counterexample found with bound 26
-- no proof or counterexample found with bound 27
-- no proof or counterexample found with bound 28
-- no proof or counterexample found with bound 29
-- no proof or counterexample found with bound 30
-- no proof or counterexample found with bound 31
-- no proof or counterexample found with bound 32
-- no proof or counterexample found with bound 33
-- no proof or counterexample found with bound 34
-- no proof or counterexample found with bound 35
-- no proof or counterexample found with bound 36
-- no proof or counterexample found with bound 37
-- no proof or counterexample found with bound 38
-- no proof or counterexample found with bound 39
-- no proof or counterexample found with bound 40
-- no proof or counterexample found with bound 41
-- no proof or counterexample found with bound 42
-- no proof or counterexample found with bound 43
-- no proof or counterexample found with bound 44
-- no proof or counterexample found with bound 45
-- no proof or counterexample found with bound 46
-- no proof or counterexample found with bound 47
-- no proof or counterexample found with bound 48
-- no proof or counterexample found with bound 49
-- no proof or counterexample found with bound 50
-- no proof or counterexample found with bound 51
-- no proof or counterexample found with bound 52
-- no proof or counterexample found with bound 53
-- no proof or counterexample found with bound 54
-- no proof or counterexample found with bound 55
-- no proof or counterexample found with bound 56
-- no proof or counterexample found with bound 57
-- no proof or counterexample found with bound 58
-- no proof or counterexample found with bound 59
-- no proof or counterexample found with bound 60
-- no proof or counterexample found with bound 61
-- no proof or counterexample found with bound 62
-- no proof or counterexample found with bound 63
-- no proof or counterexample found with bound 64
-- no proof or counterexample found with bound 65
-- no proof or counterexample found with bound 66
-- no proof or counterexample found with bound 67
-- no proof or counterexample found with bound 68
-- no proof or counterexample found with bound 69
-- no proof or counterexample found with bound 70
-- no proof or counterexample found with bound 71
-- no proof or counterexample found with bound 72
-- no proof or counterexample found with bound 73
-- no proof or counterexample found with bound 74
-- no proof or counterexample found with bound 75
-- no proof or counterexample found with bound 76
-- no proof or counterexample found with bound 77
-- no proof or counterexample found with bound 78
-- no proof or counterexample found with bound 79
-- no proof or counterexample found with bound 80
-- no proof or counterexample found with bound 81
-- no proof or counterexample found with bound 82
-- no proof or counterexample found with bound 83
-- no proof or counterexample found with bound 84
-- no proof or counterexample found with bound 85
-- no proof or counterexample found with bound 86
-- no proof or counterexample found with bound 87
-- no proof or counterexample found with bound 88
-- no proof or counterexample found with bound 89
-- no proof or counterexample found with bound 90
-- no proof or counterexample found with bound 91
-- no proof or counterexample found with bound 92
-- no proof or counterexample found with bound 93
-- no proof or counterexample found with bound 94
-- no proof or counterexample found with bound 95
-- no proof or counterexample found with bound 96
-- no proof or counterexample found with bound 97
-- no proof or counterexample found with bound 98
-- no proof or counterexample found with bound 99
-- no proof or counterexample found with bound 100
-- no proof or counterexample found with bound 101
-- no proof or counterexample found with bound 102
-- no proof or counterexample found with bound 103
-- no proof or counterexample found with bound 104
-- no proof or counterexample found with bound 105
-- no proof or counterexample found with bound 106
-- no proof or counterexample found with bound 107
-- no proof or counterexample found with bound 108
-- no proof or counterexample found with bound 109
-- no proof or counterexample found with bound 110
-- no proof or counterexample found with bound 111
-- no proof or counterexample found with bound 112
-- no proof or counterexample found with bound 113
-- no proof or counterexample found with bound 114
-- no proof or counterexample found with bound 115
-- no proof or counterexample found with bound 116
-- no proof or counterexample found with bound 117
-- no proof or counterexample found with bound 118
-- no proof or counterexample found with bound 119
-- no proof or counterexample found with bound 120
-- no proof or counterexample found with bound 121
-- no proof or counterexample found with bound 122
-- no proof or counterexample found with bound 123
-- no proof or counterexample found with bound 124
-- no proof or counterexample found with bound 125
-- no proof or counterexample found with bound 126
-- no proof or counterexample found with bound 127
-- no proof or counterexample found with bound 128
-- no proof or counterexample found with bound 129
-- no proof or counterexample found with bound 130
-- no proof or counterexample found with bound 131
-- no proof or counterexample found with bound 132
-- no proof or counterexample found with bound 133
-- no proof or counterexample found with bound 134
-- no proof or counterexample found with bound 135
-- no proof or counterexample found with bound 136
-- no proof or counterexample found with bound 137
-- no proof or counterexample found with bound 138
-- no proof or counterexample found with bound 139
-- no proof or counterexample found with bound 140
-- no proof or counterexample found with bound 141
-- no proof or counterexample found with bound 142
-- no proof or counterexample found with bound 143
-- no proof or counterexample found with bound 144
-- no proof or counterexample found with bound 145
-- no proof or counterexample found with bound 146
-- no proof or counterexample found with bound 147
-- no proof or counterexample found with bound 148
-- no proof or counterexample found with bound 149
-- no proof or counterexample found with bound 150
-- no proof or counterexample found with bound 151
-- no proof or counterexample found with bound 152
-- no proof or counterexample found with bound 153
-- no proof or counterexample found with bound 154
-- no proof or counterexample found with bound 155
-- no proof or counterexample found with bound 156
-- no proof or counterexample found with bound 157
-- no proof or counterexample found with bound 158
-- no proof or counterexample found with bound 159
-- no proof or counterexample found with bound 160
-- no proof or counterexample found with bound 161
-- no proof or counterexample found with bound 162
-- no proof or counterexample found with bound 163
-- no proof or counterexample found with bound 164
-- no proof or counterexample found with bound 165
-- no proof or counterexample found with bound 166
-- no proof or counterexample found with bound 167
-- no proof or counterexample found with bound 168
-- no proof or counterexample found with bound 169
-- no proof or counterexample found with bound 170
-- no proof or counterexample found with bound 171
-- no proof or counterexample found with bound 172
-- no proof or counterexample found with bound 173
-- no proof or counterexample found with bound 174
-- no proof or counterexample found with bound 175
-- no proof or counterexample found with bound 176
-- no proof or counterexample found with bound 177
-- no proof or counterexample found with bound 178
-- no proof or counterexample found with bound 179
-- no proof or counterexample found with bound 180
-- no proof or counterexample found with bound 181
-- no proof or counterexample found with bound 182
-- no proof or counterexample found with bound 183
-- no proof or counterexample found with bound 184
-- no proof or counterexample found with bound 185
-- no proof or counterexample found with bound 186
-- no proof or counterexample found with bound 187
-- no proof or counterexample found with bound 188
-- no proof or counterexample found with bound 189
-- no proof or counterexample found with bound 190
-- no proof or counterexample found with bound 191
-- no proof or counterexample found with bound 192
-- no proof or counterexample found with bound 193
-- no proof or counterexample found with bound 194
-- no proof or counterexample found with bound 195
-- no proof or counterexample found with bound 196
-- no proof or counterexample found with bound 197
-- no proof or counterexample found with bound 198
-- no proof or counterexample found with bound 199
-- no proof or counterexample found with bound 200
-- no proof or counterexample found with bound 201
-- no proof or counterexample found with bound 202
-- no proof or counterexample found with bound 203
-- no proof or counterexample found with bound 204
-- no proof or counterexample found with bound 205
-- no proof or counterexample found with bound 206
-- no proof or counterexample found with bound 207
-- no proof or counterexample found with bound 208
-- no proof or counterexample found with bound 209
-- no proof or counterexample found with bound 210
-- no proof or counterexample found with bound 211
-- no proof or counterexample found with bound 212
-- no proof or counterexample found with bound 213
-- no proof or counterexample found with bound 214
-- no proof or counterexample found with bound 215
-- no proof or counterexample found with bound 216
-- no proof or counterexample found with bound 217
-- no proof or counterexample found with bound 218
-- no proof or counterexample found with bound 219
-- no proof or counterexample found with bound 220
-- no proof or counterexample found with bound 221
-- no proof or counterexample found with bound 222
-- no proof or counterexample found with bound 223
-- no proof or counterexample found with bound 224
-- no proof or counterexample found with bound 225
-- no proof or counterexample found with bound 226
-- no proof or counterexample found with bound 227
-- no proof or counterexample found with bound 228
-- no proof or counterexample found with bound 229
-- no proof or counterexample found with bound 230
-- no proof or counterexample found with bound 231
-- no proof or counterexample found with bound 232
-- no proof or counterexample found with bound 233
-- no proof or counterexample found with bound 234
-- no proof or counterexample found with bound 235
-- no proof or counterexample found with bound 236
-- no proof or counterexample found with bound 237
-- no proof or counterexample found with bound 238
-- no proof or counterexample found with bound 239
-- no proof or counterexample found with bound 240
-- no proof or counterexample found with bound 241
-- no proof or counterexample found with bound 242
-- no proof or counterexample found with bound 243
-- no proof or counterexample found with bound 244
-- no proof or counterexample found with bound 245
-- no proof or counterexample found with bound 246
-- no proof or counterexample found with bound 247
-- no proof or counterexample found with bound 248
-- no proof or counterexample found with bound 249
-- no proof or counterexample found with bound 250
-- no proof or counterexample found with bound 251
-- no proof or counterexample found with bound 252
-- no proof or counterexample found with bound 253
-- no proof or counterexample found with bound 254
-- no proof or counterexample found with bound 255
-- no proof or counterexample found with bound 256
-- no proof or counterexample found with bound 257
-- no proof or counterexample found with bound 258
-- no proof or counterexample found with bound 259
-- no proof or counterexample found with bound 260
-- no proof or counterexample found with bound 261
-- no proof or counterexample found with bound 262
-- no proof or counterexample found with bound 263
-- no proof or counterexample found with bound 264
-- no proof or counterexample found with bound 265
-- no proof or counterexample found with bound 266
-- no proof or counterexample found with bound 267
-- no proof or counterexample found with bound 268
-- no proof or counterexample found with bound 269
-- no proof or counterexample found with bound 270
-- no proof or counterexample found with bound 271
-- no proof or counterexample found with bound 272
-- no proof or counterexample found with bound 273
-- no proof or counterexample found with bound 274
-- no proof or counterexample found with bound 275
-- no proof or counterexample found with bound 276
-- no proof or counterexample found with bound 277
-- no proof or counterexample found with bound 278
-- no proof or counterexample found with bound 279
-- no proof or counterexample found with bound 280
-- no proof or counterexample found with bound 281
-- no proof or counterexample found with bound 282
-- no proof or counterexample found with bound 283
-- no proof or counterexample found with bound 284
-- no proof or counterexample found with bound 285
-- no proof or counterexample found with bound 286
-- no proof or counterexample found with bound 287
-- no proof or counterexample found with bound 288
-- no proof or counterexample found with bound 289
-- no proof or counterexample found with bound 290
-- no proof or counterexample found with bound 291
-- no proof or counterexample found with bound 292
-- no proof or counterexample found with bound 293
-- no proof or counterexample found with bound 294
-- no proof or counterexample found with bound 295
-- no proof or counterexample found with bound 296
-- no proof or counterexample found with bound 297
-- no proof or counterexample found with bound 298
-- no proof or counterexample found with bound 299
-- no proof or counterexample found with bound 300
-- no proof or counterexample found with bound 301
-- no proof or counterexample found with bound 302
-- no proof or counterexample found with bound 303
-- no proof or counterexample found with bound 304
-- no proof or counterexample found with bound 305
-- no proof or counterexample found with bound 306
-- no proof or counterexample found with bound 307
-- no proof or counterexample found with bound 308
-- no proof or counterexample found with bound 309
-- no proof or counterexample found with bound 310
-- no proof or counterexample found with bound 311
-- no proof or counterexample found with bound 312
-- no proof or counterexample found with bound 313
-- no proof or counterexample found with bound 314
-- no proof or counterexample found with bound 315
-- no proof or counterexample found with bound 316
-- no proof or counterexample found with bound 317
-- no proof or counterexample found with bound 318
-- no proof or counterexample found with bound 319
-- no proof or counterexample found with bound 320
-- no proof or counterexample found with bound 321
-- no proof or counterexample found with bound 322
-- no proof or counterexample found with bound 323
-- no proof or counterexample found with bound 324
-- no proof or counterexample found with bound 325
-- no proof or counterexample found with bound 326
-- no proof or counterexample found with bound 327
-- no proof or counterexample found with bound 328
-- no proof or counterexample found with bound 329
-- no proof or counterexample found with bound 330
-- no proof or counterexample found with bound 331
-- no proof or counterexample found with bound 332
-- no proof or counterexample found with bound 333
-- no proof or counterexample found with bound 334
-- no proof or counterexample found with bound 335
-- no proof or counterexample found with bound 336
-- no proof or counterexample found with bound 337
-- no proof or counterexample found with bound 338
-- no proof or counterexample found with bound 339
-- no proof or counterexample found with bound 340
-- no proof or counterexample found with bound 341
-- no proof or counterexample found with bound 342
-- no proof or counterexample found with bound 343
-- no proof or counterexample found with bound 344
-- no proof or counterexample found with bound 345
-- no proof or counterexample found with bound 346
-- no proof or counterexample found with bound 347
-- no proof or counterexample found with bound 348
-- no proof or counterexample found with bound 349
-- no proof or counterexample found with bound 350
-- no proof or counterexample found with bound 351
-- no proof or counterexample found with bound 352
-- no proof or counterexample found with bound 353
-- no proof or counterexample found with bound 354
-- no proof or counterexample found with bound 355
-- no proof or counterexample found with bound 356
-- no proof or counterexample found with bound 357
-- no proof or counterexample found with bound 358
-- no proof or counterexample found with bound 359
-- no proof or counterexample found with bound 360
-- no proof or counterexample found with bound 361
-- no proof or counterexample found with bound 362
-- no proof or counterexample found with bound 363
-- no proof or counterexample found with bound 364
-- no proof or counterexample found with bound 365
-- no proof or counterexample found with bound 366
-- no proof or counterexample found with bound 367
-- no proof or counterexample found with bound 368
-- no proof or counterexample found with bound 369
-- no proof or counterexample found with bound 370
-- no proof or counterexample found with bound 371
-- no proof or counterexample found with bound 372
-- no proof or counterexample found with bound 373
-- no proof or counterexample found with bound 374
-- no proof or counterexample found with bound 375
-- no proof or counterexample found with bound 376
-- no proof or counterexample found with bound 377
-- no proof or counterexample found with bound 378
-- no proof or counterexample found with bound 379
-- no proof or counterexample found with bound 380
-- no proof or counterexample found with bound 381
-- no proof or counterexample found with bound 382
-- no proof or counterexample found with bound 383
-- no proof or counterexample found with bound 384
-- no proof or counterexample found with bound 385
-- no proof or counterexample found with bound 386
-- no proof or counterexample found with bound 387
-- no proof or counterexample found with bound 388
-- no proof or counterexample found with bound 389
-- no proof or counterexample found with bound 390
-- no proof or counterexample found with bound 391
-- no proof or counterexample found with bound 392
-- no proof or counterexample found with bound 393
-- no proof or counterexample found with bound 394
-- no proof or counterexample found with bound 395
-- no proof or counterexample found with bound 396
-- no proof or counterexample found with bound 397
-- no proof or counterexample found with bound 398
-- no proof or counterexample found with bound 399
-- no proof or counterexample found with bound 400
-- no proof or counterexample found with bound 401
-- no proof or counterexample found with bound 402
-- no proof or counterexample found with bound 403
-- no proof or counterexample found with bound 404
-- no proof or counterexample found with bound 405
-- no proof or counterexample found with bound 406
-- no proof or counterexample found with bound 407
-- no proof or counterexample found with bound 408
-- no proof or counterexample found with bound 409
-- no proof or counterexample found with bound 410
-- no proof or counterexample found with bound 411
-- no proof or counterexample found with bound 412
-- no proof or counterexample found with bound 413
-- no proof or counterexample found with bound 414
-- no proof or counterexample found with bound 415
-- no proof or counterexample found with bound 416
-- no proof or counterexample found with bound 417
-- no proof or counterexample found with bound 418
-- no proof or counterexample found with bound 419
-- no proof or counterexample found with bound 420
-- no proof or counterexample found with bound 421
-- no proof or counterexample found with bound 422
-- no proof or counterexample found with bound 423
-- no proof or counterexample found with bound 424
-- no proof or counterexample found with bound 425
-- no proof or counterexample found with bound 426
-- no proof or counterexample found with bound 427
-- no proof or counterexample found with bound 428
-- no proof or counterexample found with bound 429
-- no proof or counterexample found with bound 430
-- no proof or counterexample found with bound 431
-- no proof or counterexample found with bound 432
-- no proof or counterexample found with bound 433
-- no proof or counterexample found with bound 434
-- no proof or counterexample found with bound 435
-- no proof or counterexample found with bound 436
-- no proof or counterexample found with bound 437
-- no proof or counterexample found with bound 438
-- no proof or counterexample found with bound 439
-- no proof or counterexample found with bound 440
-- no proof or counterexample found with bound 441
-- no proof or counterexample found with bound 442
-- no proof or counterexample found with bound 443
-- no proof or counterexample found with bound 444
-- no proof or counterexample found with bound 445
-- no proof or counterexample found with bound 446
-- no proof or counterexample found with bound 447
-- no proof or counterexample found with bound 448
-- no proof or counterexample found with bound 449
-- no proof or counterexample found with bound 450
-- no proof or counterexample found with bound 451
-- no proof or counterexample found with bound 452
-- no proof or counterexample found with bound 453
-- no proof or counterexample found with bound 454
-- no proof or counterexample found with bound 455
-- no proof or counterexample found with bound 456
-- no proof or counterexample found with bound 457
-- no proof or counterexample found with bound 458
-- no proof or counterexample found with bound 459
-- no proof or counterexample found with bound 460
-- no proof or counterexample found with bound 461
-- no proof or counterexample found with bound 462
-- no proof or counterexample found with bound 463
-- no proof or counterexample found with bound 464
-- no proof or counterexample found with bound 465
-- no proof or counterexample found with bound 466
-- no proof or counterexample found with bound 467
-- no proof or counterexample found with bound 468
-- no proof or counterexample found with bound 469
-- no proof or counterexample found with bound 470
-- no proof or counterexample found with bound 471
-- no proof or counterexample found with bound 472
-- no proof or counterexample found with bound 473
-- no proof or counterexample found with bound 474
-- no proof or counterexample found with bound 475
-- no proof or counterexample found with bound 476
-- no proof or counterexample found with bound 477
-- no proof or counterexample found with bound 478
-- no proof or counterexample found with bound 479
-- no proof or counterexample found with bound 480
-- no proof or counterexample found with bound 481
-- no proof or counterexample found with bound 482
-- no proof or counterexample found with bound 483
-- no proof or counterexample found with bound 484
-- no proof or counterexample found with bound 485
-- no proof or counterexample found with bound 486
-- no proof or counterexample found with bound 487
-- no proof or counterexample found with bound 488
-- no proof or counterexample found with bound 489
-- no proof or counterexample found with bound 490
-- no proof or counterexample found with bound 491
-- no proof or counterexample found with bound 492
-- no proof or counterexample found with bound 493
-- no proof or counterexample found with bound 494
-- no proof or counterexample found with bound 495
-- no proof or counterexample found with bound 496
-- no proof or counterexample found with bound 497
-- no proof or counterexample found with bound 498
-- no proof or counterexample found with bound 499
-- no proof or counterexample found with bound 500
-- no proof or counterexample found with bound 501
-- no proof or counterexample found with bound 502
-- no proof or counterexample found with bound 503
-- no proof or counterexample found with bound 504
-- no proof or counterexample found with bound 505
-- no proof or counterexample found with bound 506
-- no proof or counterexample found with bound 507
-- no proof or counterexample found with bound 508
-- no proof or counterexample found with bound 509
-- no proof or counterexample found with bound 510
-- no proof or counterexample found with bound 511
-- no proof or counterexample found with bound 512
-- no proof or counterexample found with bound 513
-- no proof or counterexample found with bound 514
-- no proof or counterexample found with bound 515
-- no proof or counterexample found with bound 516
-- no proof or counterexample found with bound 517
-- no proof or counterexample found with bound 518
-- no proof or counterexample found with bound 519
-- no proof or counterexample found with bound 520
-- no proof or counterexample found with bound 521
-- no proof or counterexample found with bound 522
-- no proof or counterexample found with bound 523
-- no proof or counterexample found with bound 524
-- no proof or counterexample found with bound 525
-- no proof or counterexample found with bound 526
-- no proof or counterexample found with bound 527
-- no proof or counterexample found with bound 528
-- no proof or counterexample found with bound 529
-- no proof or counterexample found with bound 530
-- no proof or counterexample found with bound 531
-- no proof or counterexample found with bound 532
-- no proof or counterexample found with bound 533
-- no proof or counterexample found with bound 534
-- no proof or counterexample found with bound 535
-- LTL specification  G !( G "in_kelvin" < 273) IN globals is false
-- as demonstrated by the following execution sequence
Trace Description: IC3 smt counterexample 
Trace Type: Counterexample 
  -> State: 2.1 <-
    globals.schedule_clock = 0.0
    globals."in_kelvin" = 273
    globals."out_celsius" = 3
    globals."scheduler_state" = 0
    entry."!{$(in_main#0)<main.return>}" = 4
    entry."!pc[0]" = FALSE
    entry."!pc[1]" = FALSE
    entry."!pc[2]" = FALSE
  -> Input: 2.2 <-
    entry."!{$(in_main#0)<$(in_havoc_input#0)<h#<in_kelvin>>>}" = 7
    entry."!{$(in_main#0)<$(in_task1#1)<$temp.1>>}" = 11
    entry."!{$(in_main#0)<$(in_task1#1)<$tmp>>}" = 10
    entry."%{$(in_main#0)<main.return>}#1" = 0
    entry."%{$(in_main#0)<$(in_task1#1)<$temp.1>>}#3" = 9
    entry."%{$(in_main#0)<$(in_task1#1)<$tmp>>}#3" = 8
    entry."%{out_celsius}#2" = 6
    entry."%{scheduler_state}#2" = 5
  -- [ discrete transition ] --
  -> State: 2.2 <-
    globals."in_kelvin" = 0
    globals."out_celsius" = 0
    entry."!{$(in_main#0)<main.return>}" = 0
    entry."!pc[0]" = TRUE
  -> Input: 2.3 <-
    entry."!{$(in_main#0)<$(in_havoc_input#0)<h#<in_kelvin>>>}" = 272
    entry."!{$(in_main#0)<$(in_task1#1)<$temp.1>>}" = 14
    entry."!{$(in_main#0)<$(in_task1#1)<$tmp>>}" = 13
    entry."%{$(in_main#0)<main.return>}#1" = 15
    entry."%{$(in_main#0)<$(in_task1#1)<$temp.1>>}#3" = -1
    entry."%{$(in_main#0)<$(in_task1#1)<$tmp>>}#3" = -1
    entry."%{out_celsius}#2" = -1
    entry."%{scheduler_state}#2" = 12
  -- [ discrete transition ] --
  -> State: 2.3 <-
    globals."in_kelvin" = 272
    globals."out_celsius" = -1
    entry."!pc[0]" = FALSE
    entry."!pc[1]" = TRUE
  -> Input: 2.4 <-
    entry."!{$(in_main#0)<$(in_havoc_input#0)<h#<in_kelvin>>>}" = 0
    entry."!{$(in_main#0)<$(in_task1#1)<$temp.1>>}" = 0
    entry."!{$(in_main#0)<$(in_task1#1)<$tmp>>}" = 0
    entry."%{$(in_main#0)<main.return>}#1" = 0
    entry."%{$(in_main#0)<$(in_task1#1)<$temp.1>>}#3" = 0
    entry."%{$(in_main#0)<$(in_task1#1)<$tmp>>}#3" = 0
    entry."%{out_celsius}#2" = 0
    entry."%{scheduler_state}#2" = 1
  -- [ discrete transition ] --
  -> State: 2.4 <-
    globals."scheduler_state" = 1
    entry."!pc[1]" = FALSE
    entry."!pc[2]" = TRUE
  -- Loop starts here
  -- [ time elapse: time = diverging; delta = f'3/2 ] --
  -> State: 2.5 <-
    globals.schedule_clock = f'3/2
  -- [ time elapse: time = diverging; delta = f'1/2 ] --
  -> State: 2.6 <-
    globals.schedule_clock = 2.0
  -> Input: 2.7 <-
    entry."%{scheduler_state}#2" = 0
  -- [ discrete transition ] --
  -> State: 2.7 <-
    globals.schedule_clock = 0.0
    entry."!pc[0]" = TRUE
    entry."!pc[2]" = FALSE
  -> Input: 2.8 <-
    entry."!{$(in_main#0)<$(in_havoc_input#0)<h#<in_kelvin>>>}" = 272
    entry."%{out_celsius}#2" = -1
  -- [ discrete transition ] --
  -> State: 2.8 <-
    entry."!pc[0]" = FALSE
    entry."!pc[1]" = TRUE
  -> Input: 2.9 <-
    entry."!{$(in_main#0)<$(in_havoc_input#0)<h#<in_kelvin>>>}" = 0
    entry."%{out_celsius}#2" = 0
  -- [ discrete transition ] --
  -> State: 2.9 <-
    globals."scheduler_state" = 0
    entry."!pc[1]" = FALSE
    entry."!pc[2]" = TRUE
  -> Input: 2.10 <-
  -- [ discrete transition ] --
  -> State: 2.10 <-
    entry."!pc[0]" = TRUE
    entry."!pc[2]" = FALSE
  -> Input: 2.11 <-
    entry."!{$(in_main#0)<$(in_havoc_input#0)<h#<in_kelvin>>>}" = 272
    entry."%{$(in_main#0)<$(in_task1#1)<$temp.1>>}#3" = -1
    entry."%{$(in_main#0)<$(in_task1#1)<$tmp>>}#3" = -1
    entry."%{out_celsius}#2" = -1
  -- [ discrete transition ] --
  -> State: 2.11 <-
    entry."!pc[0]" = FALSE
    entry."!pc[1]" = TRUE
  -> Input: 2.12 <-
    entry."!{$(in_main#0)<$(in_havoc_input#0)<h#<in_kelvin>>>}" = 0
    entry."%{$(in_main#0)<$(in_task1#1)<$temp.1>>}#3" = -273
    entry."%{$(in_main#0)<$(in_task1#1)<$tmp>>}#3" = -273
    entry."%{out_celsius}#2" = -273
    entry."%{scheduler_state}#2" = 1
  -- [ discrete transition ] --
  -> State: 2.12 <-
    globals."scheduler_state" = 1
    entry."!pc[1]" = FALSE
    entry."!pc[2]" = TRUE
  -- [ time elapse: time = diverging; delta = f'3/2 ] --
  -> State: 2.13 <-
    globals.schedule_clock = f'3/2
nuXmv > time
elapse: 2282.78 seconds, total: 4310.05 seconds
nuXmv > quit

Command exit status: 0
Script done on Thu May 14 13:51:34 2026
